shared/proguard-rules.pro

-keep class com.example.shared.presentation.NewsViewModel { *; }
-keep class com.example.shared.di.** { *; }
-keep class com.example.shared.presentation.DetailEventActivity { *; }
-keep class com.example.shared.presentation.NewsAdapter { *; }
-dontwarn java.lang.invoke.StringConcatFactory