shared/build/outputs/mapping/release/seeds.txt
com.example.shared.R$drawable
com.example.shared.R$string
com.example.shared.di.MyApplication
com.example.shared.R
com.example.shared.presentation.DetailEventActivity
com.example.shared.R$id
com.example.shared.di.InjectionKt
com.example.shared.presentation.NewsViewModel
com.example.shared.presentation.NewsAdapter
com.example.shared.R$layout
com.example.shared.presentation.DetailEventActivity: java.lang.String EXTRA_PERSON
com.example.shared.presentation.DetailEventActivity: com.example.shared.databinding.ActivityDetailEventBinding binding
com.example.shared.R$string: int time_label
com.example.shared.R$id: int tv_summary
com.example.shared.R$id: int tvPenyelenggara
com.example.shared.R$layout: int activity_detail_event
com.example.shared.R$id: int iv_favorite
com.example.shared.R$id: int tvItemName
com.example.shared.R$id: int tvDeskripsi
com.example.shared.R$drawable: int baseline_favorite_24
com.example.shared.presentation.DetailEventActivity: com.example.shared.presentation.DetailEventActivity$Companion Companion
com.example.shared.R$id: int tvWaktu
com.example.shared.R$drawable: int baseline_favorite_border_24
com.example.shared.presentation.NewsAdapter: kotlin.jvm.functions.Function1 onBookmarkClick
com.example.shared.R$id: int backIcon
com.example.shared.presentation.NewsViewModel: kotlinx.coroutines.flow.MutableStateFlow _bookmarkedNews
com.example.shared.di.InjectionKt: org.koin.core.module.Module appModule
com.example.shared.presentation.NewsViewModel: com.example.core.domain.usecase.NewsUseCase newsUseCase
com.example.shared.R$string: int quota_label
com.example.shared.presentation.NewsAdapter: com.example.shared.presentation.NewsAdapter$Companion Companion
com.example.shared.R$id: int main
com.example.shared.R$string: int organizer_label
com.example.shared.R$id: int iv_bookmark
com.example.shared.R$id: int tvQuota
com.example.shared.presentation.NewsViewModel: kotlinx.coroutines.flow.MutableStateFlow _headlineNews
com.example.shared.R$id: int tvItemDescription
com.example.shared.R$id: int tvLink
com.example.shared.R$id: int btnRegister
com.example.shared.presentation.NewsViewModel: kotlinx.coroutines.flow.StateFlow bookmarkedNews
com.example.shared.R$id: int tv_item_title
com.example.shared.presentation.NewsAdapter: androidx.recyclerview.widget.DiffUtil$ItemCallback DIFF_CALLBACK
com.example.shared.presentation.NewsViewModel: kotlinx.coroutines.flow.StateFlow headlineNews
com.example.shared.R$layout: int item_news
com.example.shared.presentation.DetailEventActivity: kotlin.Lazy detailEventViewModel$delegate
com.example.shared.R$id: int imgItemPhoto
com.example.shared.R$string: int link_label
com.example.shared.R$id: int img_poster
com.example.shared.di.InjectionKt: com.example.core.domain.repository.INewsRepository appModule$lambda$7$lambda$3(org.koin.core.scope.Scope,org.koin.core.parameter.ParametersHolder)
com.example.shared.presentation.NewsViewModel: kotlinx.coroutines.flow.MutableStateFlow access$get_bookmarkedNews$p(com.example.shared.presentation.NewsViewModel)
com.example.shared.di.InjectionKt: com.example.core.domain.usecase.NewsUseCase appModule$lambda$7$lambda$4(org.koin.core.scope.Scope,org.koin.core.parameter.ParametersHolder)
com.example.shared.R$id: R$id()
com.example.shared.R$layout: R$layout()
com.example.shared.presentation.NewsViewModel: kotlinx.coroutines.flow.MutableStateFlow access$get_headlineNews$p(com.example.shared.presentation.NewsViewModel)
com.example.shared.presentation.NewsViewModel: void fetchHeadlineNews()
com.example.shared.di.InjectionKt: com.example.core.data.NewsDatabase appModule$lambda$7$lambda$1(org.koin.core.scope.Scope,org.koin.core.parameter.ParametersHolder)
com.example.shared.R: R()
com.example.shared.di.InjectionKt: kotlin.Unit appModule$lambda$7(org.koin.core.module.Module)
com.example.shared.di.MyApplication: void onCreate()
com.example.shared.presentation.NewsAdapter: void onBindViewHolder(androidx.recyclerview.widget.RecyclerView$ViewHolder,int)