shared/build/outputs/mapping/release/mapping.txt
# compiler: R8
# compiler_version: 8.7.18
# common_typos_disable
# {"id":"com.android.tools.r8.mapping","version":"2.2"}
# pg_map_id: 9dedd68
# pg_map_hash: SHA-256 9dedd682167884a26d907a0cc9be04fbfdc6335189cfa73d1499dcbdc4dd6d0b
com.example.shared.databinding.ActivityDetailEventBinding -> a.a:
# {"id":"sourceFile","fileName":"ActivityDetailEventBinding.java"}
    android.widget.ScrollView rootView -> a
    android.widget.ImageButton backIcon -> b
    android.widget.Button btnRegister -> c
    android.widget.ImageView imgItemPhoto -> d
    android.widget.ImageView ivFavorite -> e
    android.widget.TextView tvDeskripsi -> f
    android.widget.TextView tvItemDescription -> g
    android.widget.TextView tvItemName -> h
    android.widget.TextView tvLink -> i
    android.widget.TextView tvPenyelenggara -> j
    android.widget.TextView tvQuota -> k
    android.widget.TextView tvWaktu -> l
    1:14:void <init>(android.widget.ScrollView,android.widget.ImageButton,android.widget.Button,android.widget.ImageView,android.widget.ImageView,androidx.constraintlayout.widget.ConstraintLayout,android.widget.TextView,android.widget.TextView,android.widget.TextView,android.widget.TextView,android.widget.TextView,android.widget.TextView,android.widget.TextView):66:79 -> <init>
      # {"id":"com.android.tools.r8.residualsignature","signature":"(Landroid/widget/ScrollView;Landroid/widget/ImageButton;Landroid/widget/Button;Landroid/widget/ImageView;Landroid/widget/ImageView;Landroid/widget/TextView;Landroid/widget/TextView;Landroid/widget/TextView;Landroid/widget/TextView;Landroid/widget/TextView;Landroid/widget/TextView;Landroid/widget/TextView;)V"}
    1:1:android.widget.ScrollView getRoot():85:85 -> getRoot
com.example.shared.databinding.ItemNewsBinding -> a.b:
# {"id":"sourceFile","fileName":"ItemNewsBinding.java"}
    androidx.cardview.widget.CardView rootView -> a
    android.widget.ImageView imgPoster -> b
    android.widget.ImageView ivBookmark -> c
    android.widget.TextView tvItemTitle -> d
    android.widget.TextView tvSummary -> e
    1:6:void <init>(androidx.cardview.widget.CardView,android.widget.ImageView,android.widget.ImageView,android.widget.TextView,android.widget.TextView):36:41 -> <init>
    1:1:androidx.cardview.widget.CardView getRoot():47:47 -> getRoot
    1:1:android.view.View getRoot():19 -> getRoot
com.example.shared.di.InjectionKt -> com.example.shared.di.InjectionKt:
# {"id":"sourceFile","fileName":"Injection.kt"}
    1:1:void <clinit>():14:14 -> <clinit>
    1:12:kotlin.Unit appModule$lambda$7(org.koin.core.module.Module):69:80 -> appModule$lambda$7
    13:46:kotlin.Unit appModule$lambda$7(org.koin.core.module.Module):79:112 -> appModule$lambda$7
    47:80:kotlin.Unit appModule$lambda$7(org.koin.core.module.Module):111:144 -> appModule$lambda$7
    81:114:kotlin.Unit appModule$lambda$7(org.koin.core.module.Module):143:176 -> appModule$lambda$7
    115:148:kotlin.Unit appModule$lambda$7(org.koin.core.module.Module):175:208 -> appModule$lambda$7
    149:161:kotlin.Unit appModule$lambda$7(org.koin.core.module.Module):207:219 -> appModule$lambda$7
    162:381:kotlin.Unit appModule$lambda$7(org.koin.core.module.Module):25:244 -> appModule$lambda$7
    382:391:kotlin.Unit appModule$lambda$7(org.koin.core.module.Module):243:252 -> appModule$lambda$7
    392:643:kotlin.Unit appModule$lambda$7(org.koin.core.module.Module):26:277 -> appModule$lambda$7
    644:653:kotlin.Unit appModule$lambda$7(org.koin.core.module.Module):276:285 -> appModule$lambda$7
    654:654:kotlin.Unit appModule$lambda$7(org.koin.core.module.Module):27:27 -> appModule$lambda$7
    1:1:kotlin.Unit appModule$lambda$7(org.koin.core.module.Module):16:16 -> appModule$lambda$7$lambda$0
com.example.shared.di.MyApplication -> com.example.shared.di.MyApplication:
# {"id":"sourceFile","fileName":"MyApplication.kt"}
    1:1:void <init>():7:7 -> <init>
    1:2:void onCreate():9:10 -> onCreate
    1:3:kotlin.Unit onCreate$lambda$0(com.example.shared.di.MyApplication,org.koin.core.KoinApplication):11:13 -> onCreate$lambda$0